<?xml version="1.0" encoding="UTF-8"?>
<!-- Generated by org.testng.reporters.JUnitXMLReporter -->
<testsuite ignored="0" hostname="LAPTOP-G457OLQ6" failures="0" tests="3" name="Test" time="221.881" errors="0" timestamp="2025-03-02T16:50:29 IST">
  <testcase classname="tests.salesfoce.TestImportBoM" name="testImportBom" time="60.126"/>
  <testcase classname="tests.salesfoce.TestImportBoM" name="testImportDeal" time="53.1"/>
  <testcase classname="tests.salesfoce.TestEndToEndFlow" name="endToEnd" time="97.303"/>
</testsuite> <!-- Test -->
