<?xml version="1.0" encoding="UTF-8"?>
<testng-results ignored="0" total="1" passed="1" failed="0" skipped="0">
  <reporter-output>
  </reporter-output>
  <suite started-at="2025-03-02T00:23:41 IST" name="Default suite" finished-at="2025-03-02T00:25:25 IST" duration-ms="103697">
    <groups>
    </groups>
    <test started-at="2025-03-02T00:23:41 IST" name="Default test" finished-at="2025-03-02T00:25:25 IST" duration-ms="103697">
      <class name="tests.salesfoce.TestEndToEndFlow">
        <test-method is-config="true" signature="setup()[pri:0, instance:tests.salesfoce.TestEndToEndFlow@2254127a]" started-at="2025-03-02T00:23:41 IST" name="setup" finished-at="2025-03-02T00:23:45 IST" duration-ms="3917" status="PASS">
          <reporter-output>
          </reporter-output>
        </test-method> <!-- setup -->
        <test-method signature="endToEnd()[pri:0, instance:tests.salesfoce.TestEndToEndFlow@2254127a]" started-at="2025-03-02T00:23:46 IST" name="endToEnd" finished-at="2025-03-02T00:25:24 IST" duration-ms="98045" status="PASS">
          <reporter-output>
          </reporter-output>
        </test-method> <!-- endToEnd -->
        <test-method is-config="true" signature="tearDown()[pri:0, instance:tests.salesfoce.TestEndToEndFlow@2254127a]" started-at="2025-03-02T00:25:24 IST" name="tearDown" finished-at="2025-03-02T00:25:25 IST" duration-ms="1533" status="PASS">
          <reporter-output>
          </reporter-output>
        </test-method> <!-- tearDown -->
      </class> <!-- tests.salesfoce.TestEndToEndFlow -->
    </test> <!-- Default test -->
  </suite> <!-- Default suite -->
</testng-results>
